2023-02-22 16:02:32.370769 PST | [Fanuc_peg_in_hole_2023_02_22_16_01_51_0000--s-0] Epoch 0 finished
---------------------------------------  ---------------
epoch                                        0
replay_buffer/size                       10100
trainer/num train calls                   1000
trainer/QF1 Loss                            15.8619
trainer/QF2 Loss                            15.8537
trainer/Policy Loss                         -8.04246
trainer/Q1 Predictions Mean                 -0.00108937
trainer/Q1 Predictions Std                   0.0010294
trainer/Q1 Predictions Max                   0.00371959
trainer/Q1 Predictions Min                  -0.00358833
trainer/Q2 Predictions Mean                 -3.88842e-05
trainer/Q2 Predictions Std                   0.000893066
trainer/Q2 Predictions Max                   0.00317097
trainer/Q2 Predictions Min                  -0.00324304
trainer/Q Targets Mean                       3.87182
trainer/Q Targets Std                        0.928626
trainer/Q Targets Max                        7.21235
trainer/Q Targets Min                       -0.532723
trainer/Log Pis Mean                        -8.04377
trainer/Log Pis Std                          0.77012
trainer/Log Pis Max                         -5.47428
trainer/Log Pis Min                        -10.1905
trainer/policy/mean Mean                     5.92155e-05
trainer/policy/mean Std                      0.000585462
trainer/policy/mean Max                      0.0054696
trainer/policy/mean Min                     -0.00234142
trainer/policy/normal/std Mean               1.00017
trainer/policy/normal/std Std                0.000691565
trainer/policy/normal/std Max                1.00236
trainer/policy/normal/std Min                0.997393
trainer/policy/normal/log_std Mean           0.000172288
trainer/policy/normal/log_std Std            0.000691533
trainer/policy/normal/log_std Max            0.00235471
trainer/policy/normal/log_std Min           -0.00261051
expl/num steps total                     10100
expl/num paths total                       404
expl/path length Mean                       25
expl/path length Std                         0
expl/path length Max                        25
expl/path length Min                        25
expl/Rewards Mean                           -3.11406
expl/Rewards Std                             0.256116
expl/Rewards Max                            -2.6679
expl/Rewards Min                            -4.12903
expl/Returns Mean                          -77.8515
expl/Returns Std                             2.38839
expl/Returns Max                           -73.8326
expl/Returns Min                           -79.9734
expl/Actions Mean                           -0.0123049
expl/Actions Std                             0.639764
expl/Actions Max                             0.995231
expl/Actions Min                            -0.993851
expl/Num Paths                               4
expl/Average Returns                       -77.8515
expl/env_infos/final/reward_dist Mean       -3.29677
expl/env_infos/final/reward_dist Std         0.273763
expl/env_infos/final/reward_dist Max        -3.00311
expl/env_infos/final/reward_dist Min        -3.61989
expl/env_infos/initial/reward_dist Mean     -3.0071
expl/env_infos/initial/reward_dist Std       0.00568935
expl/env_infos/initial/reward_dist Max      -3.0003
expl/env_infos/initial/reward_dist Min      -3.01586
expl/env_infos/reward_dist Mean             -3.11406
expl/env_infos/reward_dist Std               0.256116
expl/env_infos/reward_dist Max              -2.6679
expl/env_infos/reward_dist Min              -4.12903
eval/num steps total                       500
eval/num paths total                        20
eval/path length Mean                       25
eval/path length Std                         0
eval/path length Max                        25
eval/path length Min                        25
eval/Rewards Mean                           -3.00629
eval/Rewards Std                             0.0141692
eval/Rewards Max                            -3.00278
eval/Rewards Min                            -3.0689
eval/Returns Mean                          -75.1572
eval/Returns Std                             0.354198
eval/Returns Max                           -75.0756
eval/Returns Min                           -76.7011
eval/Actions Mean                            3.4659e-05
eval/Actions Std                             0.000397686
eval/Actions Max                             0.001066
eval/Actions Min                            -0.000687327
eval/Num Paths                              20
eval/Average Returns                       -75.1572
eval/env_infos/final/reward_dist Mean       -3.00659
eval/env_infos/final/reward_dist Std         0.0142955
eval/env_infos/final/reward_dist Max        -3.00328
eval/env_infos/final/reward_dist Min        -3.0689
eval/env_infos/initial/reward_dist Mean     -3.00602
eval/env_infos/initial/reward_dist Std       0.0140889
eval/env_infos/initial/reward_dist Max      -3.00278
eval/env_infos/initial/reward_dist Min      -3.06743
eval/env_infos/reward_dist Mean             -3.00629
eval/env_infos/reward_dist Std               0.0141692
eval/env_infos/reward_dist Max              -3.00278
eval/env_infos/reward_dist Min              -3.0689
time/data storing (s)                        0.000367697
time/evaluation sampling (s)                30.696
time/exploration sampling (s)                0.279377
time/logging (s)                             0.0019787
time/sac training (s)                        6.22573
time/saving (s)                              0.0113403
time/training (s)                            2.19042e-05
time/epoch (s)                              37.2148
time/total (s)                              40.9744
Epoch                                        0
---------------------------------------  ---------------
2023-02-22 16:02:41.094557 PST | [Fanuc_peg_in_hole_2023_02_22_16_01_51_0000--s-0] Epoch 1 finished
---------------------------------------  ---------------
epoch                                        1
replay_buffer/size                       10200
trainer/num train calls                   2000
trainer/QF1 Loss                             0.368801
trainer/QF2 Loss                             0.331321
trainer/Policy Loss                        -22.7376
trainer/Q1 Predictions Mean                 14.5226
trainer/Q1 Predictions Std                   2.17935
trainer/Q1 Predictions Max                  22.4518
trainer/Q1 Predictions Min                   3.48299
trainer/Q2 Predictions Mean                 14.8775
trainer/Q2 Predictions Std                   2.20744
trainer/Q2 Predictions Max                  23.7151
trainer/Q2 Predictions Min                   3.57262
trainer/Q Targets Mean                      14.716
trainer/Q Targets Std                        2.28415
trainer/Q Targets Max                       23.488
trainer/Q Targets Min                        3.1662
trainer/Log Pis Mean                        -8.1569
trainer/Log Pis Std                          0.491048
trainer/Log Pis Max                         -6.66988
trainer/Log Pis Min                         -9.89084
trainer/policy/mean Mean                     0.000369789
trainer/policy/mean Std                      0.070107
trainer/policy/mean Max                      0.42846
trainer/policy/mean Min                     -0.451555
trainer/policy/normal/std Mean               0.879436
trainer/policy/normal/std Std                0.0203867
trainer/policy/normal/std Max                0.980023
trainer/policy/normal/std Min                0.830167
trainer/policy/normal/log_std Mean          -0.128739
trainer/policy/normal/log_std Std            0.0229195
trainer/policy/normal/log_std Max           -0.0201792
trainer/policy/normal/log_std Min           -0.186129
expl/num steps total                     10200
expl/num paths total                       408
expl/path length Mean                       25
expl/path length Std                         0
expl/path length Max                        25
expl/path length Min                        25
expl/Rewards Mean                           -3.12033
expl/Rewards Std                             0.575356
expl/Rewards Max                            -1.35041
expl/Rewards Min                            -4.05955
expl/Returns Mean                          -78.0083
expl/Returns Std                             9.32616
expl/Returns Max                           -63.6336
expl/Returns Min                           -87.0549
expl/Actions Mean                           -0.0216026
expl/Actions Std                             0.585292
expl/Actions Max                             0.995975
expl/Actions Min                            -0.997502
expl/Num Paths                               4
expl/Average Returns                       -78.0083
expl/env_infos/final/reward_dist Mean       -2.79865
expl/env_infos/final/reward_dist Std         0.862806
expl/env_infos/final/reward_dist Max        -1.35041
expl/env_infos/final/reward_dist Min        -3.60775
expl/env_infos/initial/reward_dist Mean     -3.01021
expl/env_infos/initial/reward_dist Std       0.0120994
expl/env_infos/initial/reward_dist Max      -3.00056
expl/env_infos/initial/reward_dist Min      -3.03085
expl/env_infos/reward_dist Mean             -3.12033
expl/env_infos/reward_dist Std               0.575356
expl/env_infos/reward_dist Max              -1.35041
expl/env_infos/reward_dist Min              -4.05955
eval/num steps total                      1000
eval/num paths total                        40
eval/path length Mean                       25
eval/path length Std                         0
eval/path length Max                        25
eval/path length Min                        25
eval/Rewards Mean                           -3.00208
eval/Rewards Std                             0.000460871
eval/Rewards Max                            -3.00086
eval/Rewards Min                            -3.00346
eval/Returns Mean                          -75.0519
eval/Returns Std                             0.00425225
eval/Returns Max                           -75.0459
eval/Returns Min                           -75.0631
eval/Actions Mean                           -0.000534326
eval/Actions Std                             0.0194525
eval/Actions Max                             0.0406343
eval/Actions Min                            -0.0638939
eval/Num Paths                              20
eval/Average Returns                       -75.0519
eval/env_infos/final/reward_dist Mean       -3.00179
eval/env_infos/final/reward_dist Std         0.000312322
eval/env_infos/final/reward_dist Max        -3.00123
eval/env_infos/final/reward_dist Min        -3.00256
eval/env_infos/initial/reward_dist Mean     -3.00269
eval/env_infos/initial/reward_dist Std       0.000133242
eval/env_infos/initial/reward_dist Max      -3.00262
eval/env_infos/initial/reward_dist Min      -3.00327
eval/env_infos/reward_dist Mean             -3.00208
eval/env_infos/reward_dist Std               0.000460871
eval/env_infos/reward_dist Max              -3.00086
eval/env_infos/reward_dist Min              -3.00346
time/data storing (s)                        0.000449128
time/evaluation sampling (s)                 1.49337
time/exploration sampling (s)                0.310739
time/logging (s)                             0.00194518
time/sac training (s)                        6.44341
time/saving (s)                              0.0176542
time/training (s)                            2.06633e-05
time/epoch (s)                               8.26759
time/total (s)                              49.6904
Epoch                                        1
---------------------------------------  ---------------
2023-02-22 16:02:49.609510 PST | [Fanuc_peg_in_hole_2023_02_22_16_01_51_0000--s-0] Epoch 2 finished
---------------------------------------  ---------------
epoch                                        2
replay_buffer/size                       10300
trainer/num train calls                   3000
trainer/QF1 Loss                             0.75715
trainer/QF2 Loss                             0.673385
trainer/Policy Loss                        -31.1578
trainer/Q1 Predictions Mean                 22.9424
trainer/Q1 Predictions Std                   3.26636
trainer/Q1 Predictions Max                  36.0595
trainer/Q1 Predictions Min                   3.08648
trainer/Q2 Predictions Mean                 23.0652
trainer/Q2 Predictions Std                   3.2673
trainer/Q2 Predictions Max                  36.391
trainer/Q2 Predictions Min                   3.3607
trainer/Q Targets Mean                      23.414
trainer/Q Targets Std                        3.40726
trainer/Q Targets Max                       37.2227
trainer/Q Targets Min                        3.31867
trainer/Log Pis Mean                        -8.06526
trainer/Log Pis Std                          0.690126
trainer/Log Pis Max                         -4.65807
trainer/Log Pis Min                        -10.8387
trainer/policy/mean Mean                     0.00677071
trainer/policy/mean Std                      0.128834
trainer/policy/mean Max                      0.681891
trainer/policy/mean Min                     -0.70049
trainer/policy/normal/std Mean               0.878772
trainer/policy/normal/std Std                0.0295701
trainer/policy/normal/std Max                1.07701
trainer/policy/normal/std Min                0.752257
trainer/policy/normal/log_std Mean          -0.129787
trainer/policy/normal/log_std Std            0.0333004
trainer/policy/normal/log_std Max            0.074191
trainer/policy/normal/log_std Min           -0.284677
expl/num steps total                     10300
expl/num paths total                       412
expl/path length Mean                       25
expl/path length Std                         0
expl/path length Max                        25
expl/path length Min                        25
expl/Rewards Mean                           -2.79832
expl/Rewards Std                             0.647422
expl/Rewards Max                            -0.988169
expl/Rewards Min                            -3.52135
expl/Returns Mean                          -69.958
expl/Returns Std                            12.3336
expl/Returns Max                           -48.609
expl/Returns Min                           -77.5001
expl/Actions Mean                            0.0290456
expl/Actions Std                             0.586873
expl/Actions Max                             0.996661
expl/Actions Min                            -0.993761
expl/Num Paths                               4
expl/Average Returns                       -69.958
expl/env_infos/final/reward_dist Mean       -2.98176
expl/env_infos/final/reward_dist Std         0.465855
expl/env_infos/final/reward_dist Max        -2.2371
expl/env_infos/final/reward_dist Min        -3.5137
expl/env_infos/initial/reward_dist Mean     -3.00348
expl/env_infos/initial/reward_dist Std       0.00253854
expl/env_infos/initial/reward_dist Max      -3.0005
expl/env_infos/initial/reward_dist Min      -3.00686
expl/env_infos/reward_dist Mean             -2.79832
expl/env_infos/reward_dist Std               0.647422
expl/env_infos/reward_dist Max              -0.988169
expl/env_infos/reward_dist Min              -3.52135
eval/num steps total                      1500
eval/num paths total                        60
eval/path length Mean                       25
eval/path length Std                         0
eval/path length Max                        25
eval/path length Min                        25
eval/Rewards Mean                           -3.0029
eval/Rewards Std                             0.00101138
eval/Rewards Max                            -3.00067
eval/Rewards Min                            -3.00482
eval/Returns Mean                          -75.0725
eval/Returns Std                             0.00392891
eval/Returns Max                           -75.0642
eval/Returns Min                           -75.0791
eval/Actions Mean                           -0.00324754
eval/Actions Std                             0.0207424
eval/Actions Max                             0.0650378
eval/Actions Min                            -0.0805494
eval/Num Paths                              20
eval/Average Returns                       -75.0725
eval/env_infos/final/reward_dist Mean       -3.00399
eval/env_infos/final/reward_dist Std         0.000500094
eval/env_infos/final/reward_dist Max        -3.00297
eval/env_infos/final/reward_dist Min        -3.00482
eval/env_infos/initial/reward_dist Mean     -3.00247
eval/env_infos/initial/reward_dist Std       4.50787e-05
eval/env_infos/initial/reward_dist Max      -3.00241
eval/env_infos/initial/reward_dist Min      -3.00258
eval/env_infos/reward_dist Mean             -3.0029
eval/env_infos/reward_dist Std               0.00101138
eval/env_infos/reward_dist Max              -3.00067
eval/env_infos/reward_dist Min              -3.00482
time/data storing (s)                        0.000371163
time/evaluation sampling (s)                 1.4201
time/exploration sampling (s)                0.294913
time/logging (s)                             0.00197307
time/sac training (s)                        6.34647
time/saving (s)                              0.0441833
time/training (s)                            2.15401e-05
time/epoch (s)                               8.10803
time/total (s)                              58.1981
Epoch                                        2
---------------------------------------  ---------------
2023-02-22 16:02:58.067295 PST | [Fanuc_peg_in_hole_2023_02_22_16_01_51_0000--s-0] Epoch 3 finished
---------------------------------------  ---------------
epoch                                        3
replay_buffer/size                       10400
trainer/num train calls                   4000
trainer/QF1 Loss                             0.642595
trainer/QF2 Loss                             0.515346
trainer/Policy Loss                        -37.0358
trainer/Q1 Predictions Mean                 28.6986
trainer/Q1 Predictions Std                   4.07271
trainer/Q1 Predictions Max                  41.376
trainer/Q1 Predictions Min                   4.20316
trainer/Q2 Predictions Mean                 29.0222
trainer/Q2 Predictions Std                   4.07002
trainer/Q2 Predictions Max                  41.8359
trainer/Q2 Predictions Min                   4.58635
trainer/Q Targets Mean                      29.0452
trainer/Q Targets Std                        4.13815
trainer/Q Targets Max                       44.278
trainer/Q Targets Min                        3.8346
trainer/Log Pis Mean                        -7.98979
trainer/Log Pis Std                          0.796995
trainer/Log Pis Max                         -4.60192
trainer/Log Pis Min                        -11.3983
trainer/policy/mean Mean                     0.00912461
trainer/policy/mean Std                      0.142559
trainer/policy/mean Max                      0.765758
trainer/policy/mean Min                     -0.75983
trainer/policy/normal/std Mean               0.871458
trainer/policy/normal/std Std                0.0329761
trainer/policy/normal/std Max                1.06787
trainer/policy/normal/std Min                0.701603
trainer/policy/normal/log_std Mean          -0.138306
trainer/policy/normal/log_std Std            0.0379738
trainer/policy/normal/log_std Max            0.0656631
trainer/policy/normal/log_std Min           -0.354387
expl/num steps total                     10400
expl/num paths total                       416
expl/path length Mean                       25
expl/path length Std                         0
expl/path length Max                        25
expl/path length Min                        25
expl/Rewards Mean                           -3.03354
expl/Rewards Std                             0.348811
expl/Rewards Max                            -2.34872
expl/Rewards Min                            -3.71064
expl/Returns Mean                          -75.8384
expl/Returns Std                             6.19228
expl/Returns Max                           -65.9093
expl/Returns Min                           -82.9702
expl/Actions Mean                           -0.00521018
expl/Actions Std                             0.591533
expl/Actions Max                             0.992595
expl/Actions Min                            -0.992656
expl/Num Paths                               4
expl/Average Returns                       -75.8384
expl/env_infos/final/reward_dist Mean       -2.6087
expl/env_infos/final/reward_dist Std         0.329406
expl/env_infos/final/reward_dist Max        -2.35983
expl/env_infos/final/reward_dist Min        -3.17566
expl/env_infos/initial/reward_dist Mean     -3.0044
expl/env_infos/initial/reward_dist Std       0.00298617
expl/env_infos/initial/reward_dist Max      -3.00157
expl/env_infos/initial/reward_dist Min      -3.00896
expl/env_infos/reward_dist Mean             -3.03354
expl/env_infos/reward_dist Std               0.348811
expl/env_infos/reward_dist Max              -2.34872
expl/env_infos/reward_dist Min              -3.71064
eval/num steps total                      2000
eval/num paths total                        80
eval/path length Mean                       25
eval/path length Std                         0
eval/path length Max                        25
eval/path length Min                        25
eval/Rewards Mean                           -3.00218
eval/Rewards Std                             0.00560786
eval/Rewards Max                            -3.00053
eval/Rewards Min                            -3.07992
eval/Returns Mean                          -75.0546
eval/Returns Std                             0.0834905
eval/Returns Max                           -75.0294
eval/Returns Min                           -75.4182
eval/Actions Mean                           -0.0034298
eval/Actions Std                             0.0193866
eval/Actions Max                             0.0542677
eval/Actions Min                            -0.206943
eval/Num Paths                              20
eval/Average Returns                       -75.0546
eval/env_infos/final/reward_dist Mean       -3.00164
eval/env_infos/final/reward_dist Std         0.000436947
eval/env_infos/final/reward_dist Max        -3.00099
eval/env_infos/final/reward_dist Min        -3.00303
eval/env_infos/initial/reward_dist Mean     -3.00644
eval/env_infos/initial/reward_dist Std       0.0168584
eval/env_infos/initial/reward_dist Max      -3.00246
eval/env_infos/initial/reward_dist Min      -3.07992
eval/env_infos/reward_dist Mean             -3.00218
eval/env_infos/reward_dist Std               0.00560786
eval/env_infos/reward_dist Max              -3.00053
eval/env_infos/reward_dist Min              -3.07992
time/data storing (s)                        0.000370192
time/evaluation sampling (s)                 1.44078
time/exploration sampling (s)                0.28938
time/logging (s)                             0.00196533
time/sac training (s)                        6.27792
time/saving (s)                              0.0441601
time/training (s)                            2.0741e-05
time/epoch (s)                               8.0546
time/total (s)                              66.6486
Epoch                                        3
---------------------------------------  ---------------
2023-02-22 16:03:06.571066 PST | [Fanuc_peg_in_hole_2023_02_22_16_01_51_0000--s-0] Epoch 4 finished
---------------------------------------  ---------------
epoch                                        4
replay_buffer/size                       10500
trainer/num train calls                   5000
trainer/QF1 Loss                             0.459069
trainer/QF2 Loss                             0.449518
trainer/Policy Loss                        -40.5621
trainer/Q1 Predictions Mean                 32.4191
trainer/Q1 Predictions Std                   4.22962
trainer/Q1 Predictions Max                  50.8429
trainer/Q1 Predictions Min                   5.19982
trainer/Q2 Predictions Mean                 32.384
trainer/Q2 Predictions Std                   4.23072
trainer/Q2 Predictions Max                  51.2405
trainer/Q2 Predictions Min                   5.82115
trainer/Q Targets Mean                      32.4396
trainer/Q Targets Std                        4.34888
trainer/Q Targets Max                       51.897
trainer/Q Targets Min                        4.75067
trainer/Log Pis Mean                        -7.96569
trainer/Log Pis Std                          0.793948
trainer/Log Pis Max                         -4.55992
trainer/Log Pis Min                        -11.8647
trainer/policy/mean Mean                     0.0103836
trainer/policy/mean Std                      0.150509
trainer/policy/mean Max                      0.729987
trainer/policy/mean Min                     -0.761345
trainer/policy/normal/std Mean               0.868343
trainer/policy/normal/std Std                0.0342822
trainer/policy/normal/std Max                1.08392
trainer/policy/normal/std Min                0.719934
trainer/policy/normal/log_std Mean          -0.141948
trainer/policy/normal/log_std Std            0.0395281
trainer/policy/normal/log_std Max            0.0805872
trainer/policy/normal/log_std Min           -0.328596
expl/num steps total                     10500
expl/num paths total                       420
expl/path length Mean                       25
expl/path length Std                         0
expl/path length Max                        25
expl/path length Min                        25
expl/Rewards Mean                           -2.94558
expl/Rewards Std                             0.552798
expl/Rewards Max                            -0.990189
expl/Rewards Min                            -4.39248
expl/Returns Mean                          -73.6395
expl/Returns Std                             6.10776
expl/Returns Max                           -63.4378
expl/Returns Min                           -79.2988
expl/Actions Mean                            0.003067
expl/Actions Std                             0.589007
expl/Actions Max                             0.995406
expl/Actions Min                            -0.997594
expl/Num Paths                               4
expl/Average Returns                       -73.6395
expl/env_infos/final/reward_dist Mean       -3.27125
expl/env_infos/final/reward_dist Std         0.729818
expl/env_infos/final/reward_dist Max        -2.3478
expl/env_infos/final/reward_dist Min        -4.39248
expl/env_infos/initial/reward_dist Mean     -3.00395
expl/env_infos/initial/reward_dist Std       0.00375375
expl/env_infos/initial/reward_dist Max      -3.00106
expl/env_infos/initial/reward_dist Min      -3.01027
expl/env_infos/reward_dist Mean             -2.94558
expl/env_infos/reward_dist Std               0.552798
expl/env_infos/reward_dist Max              -0.990189
expl/env_infos/reward_dist Min              -4.39248
eval/num steps total                      2500
eval/num paths total                       100
eval/path length Mean                       25
eval/path length Std                         0
eval/path length Max                        25
eval/path length Min                        25
eval/Rewards Mean                           -3.00218
eval/Rewards Std                             0.00145029
eval/Rewards Max                            -3.00025
eval/Rewards Min                            -3.01872
eval/Returns Mean                          -75.0544
eval/Returns Std                             0.0100267
eval/Returns Max                           -75.0429
eval/Returns Min                           -75.0934
eval/Actions Mean                           -0.00379962
eval/Actions Std                             0.0146958
eval/Actions Max                             0.0988798
eval/Actions Min                            -0.0894403
eval/Num Paths                              20
eval/Average Returns                       -75.0544
eval/env_infos/final/reward_dist Mean       -3.00345
eval/env_infos/final/reward_dist Std         0.000462812
eval/env_infos/final/reward_dist Max        -3.0026
eval/env_infos/final/reward_dist Min        -3.00417
eval/env_infos/initial/reward_dist Mean     -3.00323
eval/env_infos/initial/reward_dist Std       0.00355366
eval/env_infos/initial/reward_dist Max      -3.00234
eval/env_infos/initial/reward_dist Min      -3.01872
eval/env_infos/reward_dist Mean             -3.00218
eval/env_infos/reward_dist Std               0.00145029
eval/env_infos/reward_dist Max              -3.00025
eval/env_infos/reward_dist Min              -3.01872
time/data storing (s)                        0.000376826
time/evaluation sampling (s)                 1.4224
time/exploration sampling (s)                0.287971
time/logging (s)                             0.0019913
time/sac training (s)                        6.35
time/saving (s)                              0.0440206
time/training (s)                            2.14721e-05
time/epoch (s)                               8.10678
time/total (s)                              75.1454
Epoch                                        4
---------------------------------------  ---------------
2023-02-22 16:03:15.199278 PST | [Fanuc_peg_in_hole_2023_02_22_16_01_51_0000--s-0] Epoch 5 finished
---------------------------------------  ---------------
epoch                                        5
replay_buffer/size                       10600
trainer/num train calls                   6000
trainer/QF1 Loss                             0.819271
trainer/QF2 Loss                             0.810169
trainer/Policy Loss                        -42.5622
trainer/Q1 Predictions Mean                 34.4471
trainer/Q1 Predictions Std                   4.82954
trainer/Q1 Predictions Max                  59.6511
trainer/Q1 Predictions Min                   6.10945
trainer/Q2 Predictions Mean                 34.2839
trainer/Q2 Predictions Std                   4.76945
trainer/Q2 Predictions Max                  58.6854
trainer/Q2 Predictions Min                   6.00162
trainer/Q Targets Mean                      34.4222
trainer/Q Targets Std                        4.92641
trainer/Q Targets Max                       59.7518
trainer/Q Targets Min                        5.50136
trainer/Log Pis Mean                        -8.01634
trainer/Log Pis Std                          0.791182
trainer/Log Pis Max                         -4.41248
trainer/Log Pis Min                        -11.2341
trainer/policy/mean Mean                     0.0090491
trainer/policy/mean Std                      0.148159
trainer/policy/mean Max                      0.734433
trainer/policy/mean Min                     -0.751929
trainer/policy/normal/std Mean               0.866686
trainer/policy/normal/std Std                0.0332186
trainer/policy/normal/std Max                1.13242
trainer/policy/normal/std Min                0.713058
trainer/policy/normal/log_std Mean          -0.143802
trainer/policy/normal/log_std Std            0.0379436
trainer/policy/normal/log_std Max            0.124353
trainer/policy/normal/log_std Min           -0.338192
expl/num steps total                     10600
expl/num paths total                       424
expl/path length Mean                       25
expl/path length Std                         0
expl/path length Max                        25
expl/path length Min                        25
expl/Rewards Mean                           -3.09471
expl/Rewards Std                             0.697756
expl/Rewards Max                            -2.16359
expl/Rewards Min                            -5.71802
expl/Returns Mean                          -77.3679
expl/Returns Std                             7.11045
expl/Returns Max                           -67.3501
expl/Returns Min                           -87.2816
expl/Actions Mean                            0.0135792
expl/Actions Std                             0.579872
expl/Actions Max                             0.990076
expl/Actions Min                            -0.993445
expl/Num Paths                               4
expl/Average Returns                       -77.3679
expl/env_infos/final/reward_dist Mean       -3.68402
expl/env_infos/final/reward_dist Std         1.19175
expl/env_infos/final/reward_dist Max        -2.67685
expl/env_infos/final/reward_dist Min        -5.71802
expl/env_infos/initial/reward_dist Mean     -3.0153
expl/env_infos/initial/reward_dist Std       0.0177364
expl/env_infos/initial/reward_dist Max      -3.00359
expl/env_infos/initial/reward_dist Min      -3.04598
expl/env_infos/reward_dist Mean             -3.09471
expl/env_infos/reward_dist Std               0.697756
expl/env_infos/reward_dist Max              -2.16359
expl/env_infos/reward_dist Min              -5.71802
eval/num steps total                      3000
eval/num paths total                       120
eval/path length Mean                       25
eval/path length Std                         0
eval/path length Max                        25
eval/path length Min                        25
eval/Rewards Mean                           -3.00267
eval/Rewards Std                             0.00316803
eval/Rewards Max                            -3.00091
eval/Rewards Min                            -3.0513
eval/Returns Mean                          -75.0666
eval/Returns Std                             0.0297477
eval/Returns Max                           -75.0469
eval/Returns Min                           -75.1929
eval/Actions Mean                           -0.00536621
eval/Actions Std                             0.0154895
eval/Actions Max                             0.116261
eval/Actions Min                            -0.164287
eval/Num Paths                              20
eval/Average Returns                       -75.0666
eval/env_infos/final/reward_dist Mean       -3.00347
eval/env_infos/final/reward_dist Std         0.000575576
eval/env_infos/final/reward_dist Max        -3.00243
eval/env_infos/final/reward_dist Min        -3.00446
eval/env_infos/initial/reward_dist Mean     -3.00498
eval/env_infos/initial/reward_dist Std       0.0106259
eval/env_infos/initial/reward_dist Max      -3.00248
eval/env_infos/initial/reward_dist Min      -3.0513
eval/env_infos/reward_dist Mean             -3.00267
eval/env_infos/reward_dist Std               0.00316803
eval/env_infos/reward_dist Max              -3.00091
eval/env_infos/reward_dist Min              -3.0513
time/data storing (s)                        0.000378469
time/evaluation sampling (s)                 1.4688
time/exploration sampling (s)                0.28693
time/logging (s)                             0.00192441
time/sac training (s)                        6.39944
time/saving (s)                              0.0171638
time/training (s)                            3.1475e-05
time/epoch (s)                               8.17466
time/total (s)                              83.7655
Epoch                                        5
---------------------------------------  ---------------
2023-02-22 16:03:26.284760 PST | [Fanuc_peg_in_hole_2023_02_22_16_01_51_0000--s-0] Epoch 6 finished
---------------------------------------  ---------------
epoch                                        6
replay_buffer/size                       10700
trainer/num train calls                   7000
trainer/QF1 Loss                             0.613362
trainer/QF2 Loss                             0.68655
trainer/Policy Loss                        -43.5554
trainer/Q1 Predictions Mean                 35.3394
trainer/Q1 Predictions Std                   4.61496
trainer/Q1 Predictions Max                  63.2565
trainer/Q1 Predictions Min                   6.15937
trainer/Q2 Predictions Mean                 35.3669
trainer/Q2 Predictions Std                   4.50832
trainer/Q2 Predictions Max                  63.2659
trainer/Q2 Predictions Min                   6.61918
trainer/Q Targets Mean                      35.7421
trainer/Q Targets Std                        4.71145
trainer/Q Targets Max                       65.4972
trainer/Q Targets Min                        6.35986
trainer/Log Pis Mean                        -7.96733
trainer/Log Pis Std                          0.808073
trainer/Log Pis Max                         -4.30445
trainer/Log Pis Min                        -12.3624
trainer/policy/mean Mean                     0.0130234
trainer/policy/mean Std                      0.149445
trainer/policy/mean Max                      0.813827
trainer/policy/mean Min                     -0.818596
trainer/policy/normal/std Mean               0.861399
trainer/policy/normal/std Std                0.0311888
trainer/policy/normal/std Max                1.08039
trainer/policy/normal/std Min                0.692233
trainer/policy/normal/log_std Mean          -0.149864
trainer/policy/normal/log_std Std            0.0366613
trainer/policy/normal/log_std Max            0.0773226
trainer/policy/normal/log_std Min           -0.367833
expl/num steps total                     10700
expl/num paths total                       428
expl/path length Mean                       25
expl/path length Std                         0
expl/path length Max                        25
expl/path length Min                        25
expl/Rewards Mean                           -3.09387
expl/Rewards Std                             0.141527
expl/Rewards Max                            -2.65866
expl/Rewards Min                            -3.42526
expl/Returns Mean                          -77.3468
expl/Returns Std                             1.58434
expl/Returns Max                           -75.6859
expl/Returns Min                           -79.9369
expl/Actions Mean                            0.0197538
expl/Actions Std                             0.602907
expl/Actions Max                             0.997142
expl/Actions Min                            -0.993459
expl/Num Paths                               4
expl/Average Returns                       -77.3468
expl/env_infos/final/reward_dist Mean       -3.09881
expl/env_infos/final/reward_dist Std         0.0999921
expl/env_infos/final/reward_dist Max        -3.00371
expl/env_infos/final/reward_dist Min        -3.24521
expl/env_infos/initial/reward_dist Mean     -3.00257
expl/env_infos/initial/reward_dist Std       0.000657239
expl/env_infos/initial/reward_dist Max      -3.00183
expl/env_infos/initial/reward_dist Min      -3.00345
expl/env_infos/reward_dist Mean             -3.09387
expl/env_infos/reward_dist Std               0.141527
expl/env_infos/reward_dist Max              -2.65866
expl/env_infos/reward_dist Min              -3.42526
eval/num steps total                      3500
eval/num paths total                       140
eval/path length Mean                       25
eval/path length Std                         0
eval/path length Max                        25
eval/path length Min                        25
eval/Rewards Mean                           -3.00111
eval/Rewards Std                             0.00419659
eval/Rewards Max                            -3
eval/Rewards Min                            -3.06487
eval/Returns Mean                          -75.0279
eval/Returns Std                             0.0483948
eval/Returns Max                           -75.0134
eval/Returns Min                           -75.2386
eval/Actions Mean                            0.000722235
eval/Actions Std                             0.0156649
eval/Actions Max                             0.132941
eval/Actions Min                            -0.137139
eval/Num Paths                              20
eval/Average Returns                       -75.0279
eval/env_infos/final/reward_dist Mean       -3.00096
eval/env_infos/final/reward_dist Std         0.000219996
eval/env_infos/final/reward_dist Max        -3.00048
eval/env_infos/final/reward_dist Min        -3.0014
eval/env_infos/initial/reward_dist Mean     -3.00559
eval/env_infos/initial/reward_dist Std       0.0135981
eval/env_infos/initial/reward_dist Max      -3.00242
eval/env_infos/initial/reward_dist Min      -3.06487
eval/env_infos/reward_dist Mean             -3.00111
eval/env_infos/reward_dist Std               0.00419659
eval/env_infos/reward_dist Max              -3
eval/env_infos/reward_dist Min              -3.06487
time/data storing (s)                        0.000383546
time/evaluation sampling (s)                 1.43907
time/exploration sampling (s)                0.321546
time/logging (s)                             0.00197181
time/sac training (s)                        8.58209
time/saving (s)                              0.0172304
time/training (s)                            2.19839e-05
time/epoch (s)                              10.3623
time/total (s)                              94.8431
Epoch                                        6
---------------------------------------  ---------------
2023-02-22 16:03:34.820501 PST | [Fanuc_peg_in_hole_2023_02_22_16_01_51_0000--s-0] Epoch 7 finished
---------------------------------------  ---------------
epoch                                        7
replay_buffer/size                       10800
trainer/num train calls                   8000
trainer/QF1 Loss                             0.596064
trainer/QF2 Loss                             0.599464
trainer/Policy Loss                        -44.3308
trainer/Q1 Predictions Mean                 36.1426
trainer/Q1 Predictions Std                   5.01389
trainer/Q1 Predictions Max                  72.4135
trainer/Q1 Predictions Min                   7.23344
trainer/Q2 Predictions Mean                 36.4198
trainer/Q2 Predictions Std                   5.07386
trainer/Q2 Predictions Max                  71.2091
trainer/Q2 Predictions Min                   7.00837
trainer/Q Targets Mean                      36.2083
trainer/Q Targets Std                        5.17231
trainer/Q Targets Max                       74.1402
trainer/Q Targets Min                        7.44139
trainer/Log Pis Mean                        -7.95043
trainer/Log Pis Std                          0.793356
trainer/Log Pis Max                         -2.6059
trainer/Log Pis Min                        -12.0619
trainer/policy/mean Mean                     0.00657276
trainer/policy/mean Std                      0.149307
trainer/policy/mean Max                      0.780789
trainer/policy/mean Min                     -0.77876
trainer/policy/normal/std Mean               0.866912
trainer/policy/normal/std Std                0.0348395
trainer/policy/normal/std Max                1.15908
trainer/policy/normal/std Min                0.668624
trainer/policy/normal/log_std Mean          -0.143618
trainer/policy/normal/log_std Std            0.0399409
trainer/policy/normal/log_std Max            0.147627
trainer/policy/normal/log_std Min           -0.402534
expl/num steps total                     10800
expl/num paths total                       432
expl/path length Mean                       25
expl/path length Std                         0
expl/path length Max                        25
expl/path length Min                        25
expl/Rewards Mean                           -3.03706
expl/Rewards Std                             0.275809
expl/Rewards Max                            -2.29169
expl/Rewards Min                            -3.66317
expl/Returns Mean                          -75.9266
expl/Returns Std                             3.97853
expl/Returns Max                           -69.0658
expl/Returns Min                           -78.7742
expl/Actions Mean                           -0.0099937
expl/Actions Std                             0.593473
expl/Actions Max                             0.996563
expl/Actions Min                            -0.991189
expl/Num Paths                               4
expl/Average Returns                       -75.9266
expl/env_infos/final/reward_dist Mean       -2.95261
expl/env_infos/final/reward_dist Std         0.383218
expl/env_infos/final/reward_dist Max        -2.29707
expl/env_infos/final/reward_dist Min        -3.22082
expl/env_infos/initial/reward_dist Mean     -3.02077
expl/env_infos/initial/reward_dist Std       0.0290068
expl/env_infos/initial/reward_dist Max      -3.00144
expl/env_infos/initial/reward_dist Min      -3.07074
expl/env_infos/reward_dist Mean             -3.03706
expl/env_infos/reward_dist Std               0.275809
expl/env_infos/reward_dist Max              -2.29169
expl/env_infos/reward_dist Min              -3.66317
eval/num steps total                      4000
eval/num paths total                       160
eval/path length Mean                       25
eval/path length Std                         0
eval/path length Max                        25
eval/path length Min                        25
eval/Rewards Mean                           -3.00123
eval/Rewards Std                             0.000483637
eval/Rewards Max                            -3.00029
eval/Rewards Min                            -3.00269
eval/Returns Mean                          -75.0309
eval/Returns Std                             0.00468445
eval/Returns Max                           -75.0218
eval/Returns Min                           -75.0431
eval/Actions Mean                           -0.00524756
eval/Actions Std                             0.017573
eval/Actions Max                             0.0438738
eval/Actions Min                            -0.0708036
eval/Num Paths                              20
eval/Average Returns                       -75.0309
eval/env_infos/final/reward_dist Mean       -3.00155
eval/env_infos/final/reward_dist Std         0.000402204
eval/env_infos/final/reward_dist Max        -3.00098
eval/env_infos/final/reward_dist Min        -3.00248
eval/env_infos/initial/reward_dist Mean     -3.00253
eval/env_infos/initial/reward_dist Std       3.3566e-05
eval/env_infos/initial/reward_dist Max      -3.00244
eval/env_infos/initial/reward_dist Min      -3.00261
eval/env_infos/reward_dist Mean             -3.00123
eval/env_infos/reward_dist Std               0.000483637
eval/env_infos/reward_dist Max              -3.00029
eval/env_infos/reward_dist Min              -3.00269
time/data storing (s)                        0.000385004
time/evaluation sampling (s)                 1.67067
time/exploration sampling (s)                0.304813
time/logging (s)                             0.00200726
time/sac training (s)                        6.11462
time/saving (s)                              0.0177687
time/training (s)                            2.11988e-05
time/epoch (s)                               8.11028
time/total (s)                             103.371
Epoch                                        7
---------------------------------------  ---------------
2023-02-22 16:03:43.286830 PST | [Fanuc_peg_in_hole_2023_02_22_16_01_51_0000--s-0] Epoch 8 finished
---------------------------------------  ---------------
epoch                                        8
replay_buffer/size                       10900
trainer/num train calls                   9000
trainer/QF1 Loss                             0.642704
trainer/QF2 Loss                             0.649153
trainer/Policy Loss                        -44.4684
trainer/Q1 Predictions Mean                 36.2427
trainer/Q1 Predictions Std                   4.96699
trainer/Q1 Predictions Max                  52.0036
trainer/Q1 Predictions Min                   7.91325
trainer/Q2 Predictions Mean                 36.2981
trainer/Q2 Predictions Std                   5.03904
trainer/Q2 Predictions Max                  51.2606
trainer/Q2 Predictions Min                   7.89017
trainer/Q Targets Mean                      36.5218
trainer/Q Targets Std                        5.06356
trainer/Q Targets Max                       53.2739
trainer/Q Targets Min                        7.0822
trainer/Log Pis Mean                        -7.95898
trainer/Log Pis Std                          0.830082
trainer/Log Pis Max                         -2.01818
trainer/Log Pis Min                        -11.6796
trainer/policy/mean Mean                     0.0155844
trainer/policy/mean Std                      0.155815
trainer/policy/mean Max                      0.87267
trainer/policy/mean Min                     -0.832155
trainer/policy/normal/std Mean               0.866706
trainer/policy/normal/std Std                0.0362084
trainer/policy/normal/std Max                1.18347
trainer/policy/normal/std Min                0.670504
trainer/policy/normal/log_std Mean          -0.143918
trainer/policy/normal/log_std Std            0.0414674
trainer/policy/normal/log_std Max            0.168451
trainer/policy/normal/log_std Min           -0.399725
expl/num steps total                     10900
expl/num paths total                       436
expl/path length Mean                       25
expl/path length Std                         0
expl/path length Max                        25
expl/path length Min                        25
expl/Rewards Mean                           -2.98874
expl/Rewards Std                             0.321277
expl/Rewards Max                            -1.34602
expl/Rewards Min                            -3.4659
expl/Returns Mean                          -74.7186
expl/Returns Std                             4.91545
expl/Returns Max                           -66.5124
expl/Returns Min                           -79.489
expl/Actions Mean                           -0.0082951
expl/Actions Std                             0.575897
expl/Actions Max                             0.992903
expl/Actions Min                            -0.990206
expl/Num Paths                               4
expl/Average Returns                       -74.7186
expl/env_infos/final/reward_dist Mean       -2.72829
expl/env_infos/final/reward_dist Std         0.815888
expl/env_infos/final/reward_dist Max        -1.34602
expl/env_infos/final/reward_dist Min        -3.46423
expl/env_infos/initial/reward_dist Mean     -3.00287
expl/env_infos/initial/reward_dist Std       0.000766271
expl/env_infos/initial/reward_dist Max      -3.00214
expl/env_infos/initial/reward_dist Min      -3.00415
expl/env_infos/reward_dist Mean             -2.98874
expl/env_infos/reward_dist Std               0.321277
expl/env_infos/reward_dist Max              -1.34602
expl/env_infos/reward_dist Min              -3.4659
eval/num steps total                      4500
eval/num paths total                       180
eval/path length Mean                       25
eval/path length Std                         0
eval/path length Max                        25
eval/path length Min                        25
eval/Rewards Mean                           -3.00344
eval/Rewards Std                             0.00199445
eval/Rewards Max                            -3.00025
eval/Rewards Min                            -3.0079
eval/Returns Mean                          -75.0861
eval/Returns Std                             0.0104098
eval/Returns Max                           -75.0696
eval/Returns Min                           -75.1144
eval/Actions Mean                            0.00545841
eval/Actions Std                             0.0187008
eval/Actions Max                             0.0886268
eval/Actions Min                            -0.0940936
eval/Num Paths                              20
eval/Average Returns                       -75.0861
eval/env_infos/final/reward_dist Mean       -3.00617
eval/env_infos/final/reward_dist Std         0.000781945
eval/env_infos/final/reward_dist Max        -3.00507
eval/env_infos/final/reward_dist Min        -3.00769
eval/env_infos/initial/reward_dist Mean     -3.00237
eval/env_infos/initial/reward_dist Std       5.96604e-05
eval/env_infos/initial/reward_dist Max      -3.00231
eval/env_infos/initial/reward_dist Min      -3.00261
eval/env_infos/reward_dist Mean             -3.00344
eval/env_infos/reward_dist Std               0.00199445
eval/env_infos/reward_dist Max              -3.00025
eval/env_infos/reward_dist Min              -3.0079
time/data storing (s)                        0.000370349
time/evaluation sampling (s)                 1.47294
time/exploration sampling (s)                0.301333
time/logging (s)                             0.0019491
time/sac training (s)                        6.24154
time/saving (s)                              0.0443357
time/training (s)                            3.1658e-05
time/epoch (s)                               8.0625
time/total (s)                             111.83
Epoch                                        8
---------------------------------------  ---------------
2023-02-22 16:03:51.686234 PST | [Fanuc_peg_in_hole_2023_02_22_16_01_51_0000--s-0] Epoch 9 finished
---------------------------------------  ---------------
epoch                                        9
replay_buffer/size                       11000
trainer/num train calls                  10000
trainer/QF1 Loss                             0.50965
trainer/QF2 Loss                             0.487963
trainer/Policy Loss                        -45.1713
trainer/Q1 Predictions Mean                 36.9448
trainer/Q1 Predictions Std                   4.62404
trainer/Q1 Predictions Max                  58.5561
trainer/Q1 Predictions Min                   7.85072
trainer/Q2 Predictions Mean                 36.9948
trainer/Q2 Predictions Std                   4.58763
trainer/Q2 Predictions Max                  59.9987
trainer/Q2 Predictions Min                   8.68861
trainer/Q Targets Mean                      37.0272
trainer/Q Targets Std                        4.53987
trainer/Q Targets Max                       58.7539
trainer/Q Targets Min                        7.30145
trainer/Log Pis Mean                        -7.96447
trainer/Log Pis Std                          0.869135
trainer/Log Pis Max                          1.76018
trainer/Log Pis Min                        -10.989
trainer/policy/mean Mean                     0.00935815
trainer/policy/mean Std                      0.152407
trainer/policy/mean Max                      0.909458
trainer/policy/mean Min                     -0.910741
trainer/policy/normal/std Mean               0.862699
trainer/policy/normal/std Std                0.0330243
trainer/policy/normal/std Max                1.16141
trainer/policy/normal/std Min                0.573589
trainer/policy/normal/log_std Mean          -0.148421
trainer/policy/normal/log_std Std            0.0382784
trainer/policy/normal/log_std Max            0.149634
trainer/policy/normal/log_std Min           -0.555841
expl/num steps total                     11000
expl/num paths total                       440
expl/path length Mean                       25
expl/path length Std                         0
expl/path length Max                        25
expl/path length Min                        25
expl/Rewards Mean                           -3.12771
expl/Rewards Std                             0.202464
expl/Rewards Max                            -2.45952
expl/Rewards Min                            -3.50428
expl/Returns Mean                          -78.1927
expl/Returns Std                             3.11287
expl/Returns Max                           -72.865
expl/Returns Min                           -80.3788
expl/Actions Mean                            0.0360739
expl/Actions Std                             0.577077
expl/Actions Max                             0.994998
expl/Actions Min                            -0.988291
expl/Num Paths                               4
expl/Average Returns                       -78.1927
expl/env_infos/final/reward_dist Mean       -3.1053
expl/env_infos/final/reward_dist Std         0.0695025
expl/env_infos/final/reward_dist Max        -3.00431
expl/env_infos/final/reward_dist Min        -3.19278
expl/env_infos/initial/reward_dist Mean     -3.00398
expl/env_infos/initial/reward_dist Std       0.00101551
expl/env_infos/initial/reward_dist Max      -3.00319
expl/env_infos/initial/reward_dist Min      -3.00568
expl/env_infos/reward_dist Mean             -3.12771
expl/env_infos/reward_dist Std               0.202464
expl/env_infos/reward_dist Max              -2.45952
expl/env_infos/reward_dist Min              -3.50428
eval/num steps total                      5000
eval/num paths total                       200
eval/path length Mean                       25
eval/path length Std                         0
eval/path length Max                        25
eval/path length Min                        25
eval/Rewards Mean                           -3.00067
eval/Rewards Std                             0.002228
eval/Rewards Max                            -3
eval/Rewards Min                            -3.03284
eval/Returns Mean                          -75.0168
eval/Returns Std                             0.0280595
eval/Returns Max                           -75.0078
eval/Returns Min                           -75.139
eval/Actions Mean                            0.000174112
eval/Actions Std                             0.0165336
eval/Actions Max                             0.117466
eval/Actions Min                            -0.0970264
eval/Num Paths                              20
eval/Average Returns                       -75.0168
eval/env_infos/final/reward_dist Mean       -3.00016
eval/env_infos/final/reward_dist Std         0.000110703
eval/env_infos/final/reward_dist Max        -3.00004
eval/env_infos/final/reward_dist Min        -3.00051
eval/env_infos/initial/reward_dist Mean     -3.00406
eval/env_infos/initial/reward_dist Std       0.00660061
eval/env_infos/initial/reward_dist Max      -3.00245
eval/env_infos/initial/reward_dist Min      -3.03284
eval/env_infos/reward_dist Mean             -3.00067
eval/env_infos/reward_dist Std               0.002228
eval/env_infos/reward_dist Max              -3
eval/env_infos/reward_dist Min              -3.03284
time/data storing (s)                        0.000381032
time/evaluation sampling (s)                 1.42677
time/exploration sampling (s)                0.309488
time/logging (s)                             0.00204808
time/sac training (s)                        6.24677
time/saving (s)                              0.00813201
time/training (s)                            2.52547e-05
time/epoch (s)                               7.99361
time/total (s)                             120.222
Epoch                                        9
---------------------------------------  ---------------
