2023-02-20 15:17:46.242287 PST | [Fanuc_peg_in_hole_2023_02_20_15_17_19_0000--s-0] Epoch 0 finished
---------------------------------------  ---------------
epoch                                        0
replay_buffer/size                       10100
trainer/num train calls                   1000
trainer/QF1 Loss                            56.5178
trainer/QF2 Loss                            56.2114
trainer/Policy Loss                         -8.05898
trainer/Q1 Predictions Mean                  0.00933973
trainer/Q1 Predictions Std                   0.0187933
trainer/Q1 Predictions Max                   0.0881357
trainer/Q1 Predictions Min                  -0.0466876
trainer/Q2 Predictions Mean                  0.0302089
trainer/Q2 Predictions Std                   0.0273324
trainer/Q2 Predictions Max                   0.10774
trainer/Q2 Predictions Min                  -0.0151771
trainer/Q Targets Mean                       7.46367
trainer/Q Targets Std                        0.976042
trainer/Q Targets Max                       18.6375
trainer/Q Targets Min                        4.8557
trainer/Log Pis Mean                        -8.05008
trainer/Log Pis Std                          0.792209
trainer/Log Pis Max                         -4.96123
trainer/Log Pis Min                        -11.2597
trainer/policy/mean Mean                     0.00301575
trainer/policy/mean Std                      0.021084
trainer/policy/mean Max                      0.0971117
trainer/policy/mean Min                     -0.070218
trainer/policy/normal/std Mean               1.00081
trainer/policy/normal/std Std                0.0102818
trainer/policy/normal/std Max                1.04161
trainer/policy/normal/std Min                0.946143
trainer/policy/normal/log_std Mean           0.000757539
trainer/policy/normal/log_std Std            0.0103044
trainer/policy/normal/log_std Max            0.0407713
trainer/policy/normal/log_std Min           -0.0553615
expl/num steps total                     10100
expl/num paths total                       404
expl/path length Mean                       25
expl/path length Std                         0
expl/path length Max                        25
expl/path length Min                        25
expl/Rewards Mean                            0.215823
expl/Rewards Std                             0.213838
expl/Rewards Max                             1.06572
expl/Rewards Min                             2.68613e-08
expl/Returns Mean                            5.39559
expl/Returns Std                             3.00372
expl/Returns Max                             9.50728
expl/Returns Min                             1.16956
expl/Actions Mean                           -0.00690279
expl/Actions Std                             0.628877
expl/Actions Max                             0.996065
expl/Actions Min                            -0.996951
expl/Num Paths                               4
expl/Average Returns                         5.39559
expl/env_infos/final/reward_dist Mean        0.00690373
expl/env_infos/final/reward_dist Std         0.0118762
expl/env_infos/final/reward_dist Max         0.0274736
expl/env_infos/final/reward_dist Min         2.68613e-08
expl/env_infos/initial/reward_dist Mean      0.026759
expl/env_infos/initial/reward_dist Std       0.00404471
expl/env_infos/initial/reward_dist Max       0.0337522
expl/env_infos/initial/reward_dist Min       0.0242101
expl/env_infos/reward_dist Mean              0.215823
expl/env_infos/reward_dist Std               0.213838
expl/env_infos/reward_dist Max               1.06572
expl/env_infos/reward_dist Min               2.68613e-08
eval/num steps total                       500
eval/num paths total                        20
eval/path length Mean                       25
eval/path length Std                         0
eval/path length Max                        25
eval/path length Min                        25
eval/Rewards Mean                            0.473453
eval/Rewards Std                             0.143421
eval/Rewards Max                             0.536827
eval/Rewards Min                             0.0254797
eval/Returns Mean                           11.8363
eval/Returns Std                             1.32131
eval/Returns Max                            12.1437
eval/Returns Min                             6.07738
eval/Actions Mean                            4.09218e-05
eval/Actions Std                             0.000508587
eval/Actions Max                             0.00201644
eval/Actions Min                            -0.00147735
eval/Num Paths                              20
eval/Average Returns                        11.8363
eval/env_infos/final/reward_dist Mean        0.52167
eval/env_infos/final/reward_dist Std         0.0607255
eval/env_infos/final/reward_dist Max         0.535788
eval/env_infos/final/reward_dist Min         0.256995
eval/env_infos/initial/reward_dist Mean      0.0263924
eval/env_infos/initial/reward_dist Std       0.00327955
eval/env_infos/initial/reward_dist Max       0.0406867
eval/env_infos/initial/reward_dist Min       0.0254797
eval/env_infos/reward_dist Mean              0.473453
eval/env_infos/reward_dist Std               0.143421
eval/env_infos/reward_dist Max               0.536827
eval/env_infos/reward_dist Min               0.0254797
time/data storing (s)                        0.000335076
time/evaluation sampling (s)                17.4162
time/exploration sampling (s)                0.140309
time/logging (s)                             0.00171861
time/sac training (s)                        5.12073
time/saving (s)                              0.00536416
time/training (s)                            2.6435e-05
time/epoch (s)                              22.6846
time/total (s)                              26.2591
Epoch                                        0
---------------------------------------  ---------------
2023-02-20 15:17:52.891037 PST | [Fanuc_peg_in_hole_2023_02_20_15_17_19_0000--s-0] Epoch 1 finished
---------------------------------------  ---------------
epoch                                        1
replay_buffer/size                       10200
trainer/num train calls                   2000
trainer/QF1 Loss                             2.11631
trainer/QF2 Loss                             1.39597
trainer/Policy Loss                        -35.1622
trainer/Q1 Predictions Mean                 27.1355
trainer/Q1 Predictions Std                   1.99015
trainer/Q1 Predictions Max                  46.1904
trainer/Q1 Predictions Min                  21.3231
trainer/Q2 Predictions Mean                 27.358
trainer/Q2 Predictions Std                   2.13453
trainer/Q2 Predictions Max                  47.858
trainer/Q2 Predictions Min                  22.1677
trainer/Q Targets Mean                      28.1158
trainer/Q Targets Std                        2.2994
trainer/Q Targets Max                       55.2198
trainer/Q Targets Min                       22.1277
trainer/Log Pis Mean                        -8.20308
trainer/Log Pis Std                          0.436413
trainer/Log Pis Max                         -6.93412
trainer/Log Pis Min                        -10.8606
trainer/policy/mean Mean                    -0.00615621
trainer/policy/mean Std                      0.0308097
trainer/policy/mean Max                      0.20586
trainer/policy/mean Min                     -0.302314
trainer/policy/normal/std Mean               0.88058
trainer/policy/normal/std Std                0.013629
trainer/policy/normal/std Max                0.933557
trainer/policy/normal/std Min                0.809468
trainer/policy/normal/log_std Mean          -0.127295
trainer/policy/normal/log_std Std            0.0155174
trainer/policy/normal/log_std Max           -0.0687535
trainer/policy/normal/log_std Min           -0.211379
expl/num steps total                     10200
expl/num paths total                       408
expl/path length Mean                       25
expl/path length Std                         0
expl/path length Max                        25
expl/path length Min                        25
expl/Rewards Mean                            0.338956
expl/Rewards Std                             0.516082
expl/Rewards Max                             2.62067
expl/Rewards Min                             2.08718e-08
expl/Returns Mean                            8.47389
expl/Returns Std                             8.51988
expl/Returns Max                            22.083
expl/Returns Min                             1.05498
expl/Actions Mean                           -0.0113589
expl/Actions Std                             0.581132
expl/Actions Max                             0.987029
expl/Actions Min                            -0.984872
expl/Num Paths                               4
expl/Average Returns                         8.47389
expl/env_infos/final/reward_dist Mean        0.00440141
expl/env_infos/final/reward_dist Std         0.00514159
expl/env_infos/final/reward_dist Max         0.0129026
expl/env_infos/final/reward_dist Min         9.84108e-07
expl/env_infos/initial/reward_dist Mean      0.0273993
expl/env_infos/initial/reward_dist Std       0.00326527
expl/env_infos/initial/reward_dist Max       0.0328727
expl/env_infos/initial/reward_dist Min       0.0245085
expl/env_infos/reward_dist Mean              0.338956
expl/env_infos/reward_dist Std               0.516082
expl/env_infos/reward_dist Max               2.62067
expl/env_infos/reward_dist Min               2.08718e-08
eval/num steps total                      1000
eval/num paths total                        40
eval/path length Mean                       25
eval/path length Std                         0
eval/path length Max                        25
eval/path length Min                        25
eval/Rewards Mean                            0.397253
eval/Rewards Std                             0.135013
eval/Rewards Max                             0.554107
eval/Rewards Min                             0.0253129
eval/Returns Mean                            9.93134
eval/Returns Std                             1.30394
eval/Returns Max                            10.235
eval/Returns Min                             4.24817
eval/Actions Mean                            0.000456963
eval/Actions Std                             0.021973
eval/Actions Max                             0.0655828
eval/Actions Min                            -0.0596956
eval/Num Paths                              20
eval/Average Returns                         9.93134
eval/env_infos/final/reward_dist Mean        0.321676
eval/env_infos/final/reward_dist Std         0.0407249
eval/env_infos/final/reward_dist Max         0.331151
eval/env_infos/final/reward_dist Min         0.144176
eval/env_infos/initial/reward_dist Mean      0.0258385
eval/env_infos/initial/reward_dist Std       0.00131835
eval/env_infos/initial/reward_dist Max       0.0315807
eval/env_infos/initial/reward_dist Min       0.0253129
eval/env_infos/reward_dist Mean              0.397253
eval/env_infos/reward_dist Std               0.135013
eval/env_infos/reward_dist Max               0.554107
eval/env_infos/reward_dist Min               0.0253129
time/data storing (s)                        0.000335835
time/evaluation sampling (s)                 1.105
time/exploration sampling (s)                0.161287
time/logging (s)                             0.00172241
time/sac training (s)                        5.02001
time/saving (s)                              0.00255754
time/training (s)                            3.2099e-05
time/epoch (s)                               6.29094
time/total (s)                              32.9007
Epoch                                        1
---------------------------------------  ---------------
2023-02-20 15:17:59.274316 PST | [Fanuc_peg_in_hole_2023_02_20_15_17_19_0000--s-0] Epoch 2 finished
---------------------------------------  ---------------
epoch                                        2
replay_buffer/size                       10300
trainer/num train calls                   3000
trainer/QF1 Loss                             2.29932
trainer/QF2 Loss                             4.16549
trainer/Policy Loss                        -52.505
trainer/Q1 Predictions Mean                 44.9779
trainer/Q1 Predictions Std                   3.54515
trainer/Q1 Predictions Max                  88.869
trainer/Q1 Predictions Min                  33.5554
trainer/Q2 Predictions Mean                 44.4183
trainer/Q2 Predictions Std                   3.53793
trainer/Q2 Predictions Max                  85.6204
trainer/Q2 Predictions Min                  30.0872
trainer/Q Targets Mean                      45.5856
trainer/Q Targets Std                        3.76361
trainer/Q Targets Max                       95.444
trainer/Q Targets Min                       35.975
trainer/Log Pis Mean                        -8.17983
trainer/Log Pis Std                          0.492056
trainer/Log Pis Max                         -4.62409
trainer/Log Pis Min                        -10.7339
trainer/policy/mean Mean                    -0.010908
trainer/policy/mean Std                      0.0562084
trainer/policy/mean Max                      0.671544
trainer/policy/mean Min                     -0.744261
trainer/policy/normal/std Mean               0.878891
trainer/policy/normal/std Std                0.0127816
trainer/policy/normal/std Max                0.943843
trainer/policy/normal/std Min                0.743131
trainer/policy/normal/log_std Mean          -0.129201
trainer/policy/normal/log_std Std            0.0146376
trainer/policy/normal/log_std Max           -0.0577957
trainer/policy/normal/log_std Min           -0.296882
expl/num steps total                     10300
expl/num paths total                       412
expl/path length Mean                       25
expl/path length Std                         0
expl/path length Max                        25
expl/path length Min                        25
expl/Rewards Mean                            0.416673
expl/Rewards Std                             0.578741
expl/Rewards Max                             2.30871
expl/Rewards Min                             1.67807e-06
expl/Returns Mean                           10.4168
expl/Returns Std                             4.85781
expl/Returns Max                            17.8489
expl/Returns Min                             4.36815
expl/Actions Mean                           -0.029467
expl/Actions Std                             0.594676
expl/Actions Max                             0.997868
expl/Actions Min                            -0.991883
expl/Num Paths                               4
expl/Average Returns                        10.4168
expl/env_infos/final/reward_dist Mean        0.00126446
expl/env_infos/final/reward_dist Std         0.001675
expl/env_infos/final/reward_dist Max         0.00414541
expl/env_infos/final/reward_dist Min         1.67807e-06
expl/env_infos/initial/reward_dist Mean      0.0304743
expl/env_infos/initial/reward_dist Std       0.00335226
expl/env_infos/initial/reward_dist Max       0.0340068
expl/env_infos/initial/reward_dist Min       0.0253191
expl/env_infos/reward_dist Mean              0.416673
expl/env_infos/reward_dist Std               0.578741
expl/env_infos/reward_dist Max               2.30871
expl/env_infos/reward_dist Min               1.67807e-06
eval/num steps total                      1500
eval/num paths total                        60
eval/path length Mean                       25
eval/path length Std                         0
eval/path length Max                        25
eval/path length Min                        25
eval/Rewards Mean                            0.545722
eval/Rewards Std                             0.204539
eval/Rewards Max                             1.178
eval/Rewards Min                             0.0134157
eval/Returns Mean                           13.6431
eval/Returns Std                             0.343824
eval/Returns Max                            14.9533
eval/Returns Min                            12.8475
eval/Actions Mean                           -0.0103242
eval/Actions Std                             0.0332654
eval/Actions Max                             0.0916648
eval/Actions Min                            -0.191581
eval/Num Paths                              20
eval/Average Returns                        13.6431
eval/env_infos/final/reward_dist Mean        0.72898
eval/env_infos/final/reward_dist Std         0.0765561
eval/env_infos/final/reward_dist Max         1.05811
eval/env_infos/final/reward_dist Min         0.656676
eval/env_infos/initial/reward_dist Mean      0.0367195
eval/env_infos/initial/reward_dist Std       0.0055343
eval/env_infos/initial/reward_dist Max       0.0382939
eval/env_infos/initial/reward_dist Min       0.0134157
eval/env_infos/reward_dist Mean              0.545722
eval/env_infos/reward_dist Std               0.204539
eval/env_infos/reward_dist Max               1.178
eval/env_infos/reward_dist Min               0.0134157
time/data storing (s)                        0.000337529
time/evaluation sampling (s)                 0.821888
time/exploration sampling (s)                0.138231
time/logging (s)                             0.00164367
time/sac training (s)                        5.05028
time/saving (s)                              0.00186588
time/training (s)                            2.4341e-05
time/epoch (s)                               6.01427
time/total (s)                              39.2766
Epoch                                        2
---------------------------------------  ---------------
2023-02-20 15:18:05.513728 PST | [Fanuc_peg_in_hole_2023_02_20_15_17_19_0000--s-0] Epoch 3 finished
---------------------------------------  ---------------
epoch                                        3
replay_buffer/size                       10400
trainer/num train calls                   4000
trainer/QF1 Loss                             3.04382
trainer/QF2 Loss                             2.84049
trainer/Policy Loss                        -64.2056
trainer/Q1 Predictions Mean                 56.141
trainer/Q1 Predictions Std                   5.28834
trainer/Q1 Predictions Max                 144.725
trainer/Q1 Predictions Min                  46.3434
trainer/Q2 Predictions Mean                 56.6173
trainer/Q2 Predictions Std                   5.14811
trainer/Q2 Predictions Max                 146.142
trainer/Q2 Predictions Min                  46.0706
trainer/Q Targets Mean                      56.4017
trainer/Q Targets Std                        5.10353
trainer/Q Targets Max                      143.129
trainer/Q Targets Min                       45.5247
trainer/Log Pis Mean                        -8.12451
trainer/Log Pis Std                          0.631441
trainer/Log Pis Max                          1.0149
trainer/Log Pis Min                        -10.5483
trainer/policy/mean Mean                    -0.00860027
trainer/policy/mean Std                      0.0796525
trainer/policy/mean Max                      0.771713
trainer/policy/mean Min                     -0.867009
trainer/policy/normal/std Mean               0.875652
trainer/policy/normal/std Std                0.0166094
trainer/policy/normal/std Max                0.929132
trainer/policy/normal/std Min                0.627537
trainer/policy/normal/log_std Mean          -0.132975
trainer/policy/normal/log_std Std            0.0196949
trainer/policy/normal/log_std Max           -0.0735048
trainer/policy/normal/log_std Min           -0.465952
expl/num steps total                     10400
expl/num paths total                       416
expl/path length Mean                       25
expl/path length Std                         0
expl/path length Max                        25
expl/path length Min                        25
expl/Rewards Mean                            0.886512
expl/Rewards Std                             1.63709
expl/Rewards Max                             5.55156
expl/Rewards Min                             9.37839e-06
expl/Returns Mean                           22.1628
expl/Returns Std                            28.8068
expl/Returns Max                            72.0477
expl/Returns Min                             4.60322
expl/Actions Mean                            0.00145236
expl/Actions Std                             0.592989
expl/Actions Max                             0.993862
expl/Actions Min                            -0.988669
expl/Num Paths                               4
expl/Average Returns                        22.1628
expl/env_infos/final/reward_dist Mean        1.38838
expl/env_infos/final/reward_dist Std         2.40361
expl/env_infos/final/reward_dist Max         5.55156
expl/env_infos/final/reward_dist Min         9.37839e-06
expl/env_infos/initial/reward_dist Mean      0.0288276
expl/env_infos/initial/reward_dist Std       0.00305003
expl/env_infos/initial/reward_dist Max       0.0326169
expl/env_infos/initial/reward_dist Min       0.02436
expl/env_infos/reward_dist Mean              0.886512
expl/env_infos/reward_dist Std               1.63709
expl/env_infos/reward_dist Max               5.55156
expl/env_infos/reward_dist Min               9.37839e-06
eval/num steps total                      2000
eval/num paths total                        80
eval/path length Mean                       25
eval/path length Std                         0
eval/path length Max                        25
eval/path length Min                        25
eval/Rewards Mean                            1.06126
eval/Rewards Std                             0.871454
eval/Rewards Max                             2.42161
eval/Rewards Min                             0.0319946
eval/Returns Mean                           26.5315
eval/Returns Std                            12.3402
eval/Returns Max                            38.8717
eval/Returns Min                            14.1913
eval/Actions Mean                           -0.00743327
eval/Actions Std                             0.055488
eval/Actions Max                             0.255167
eval/Actions Min                            -0.227258
eval/Num Paths                              20
eval/Average Returns                        26.5315
eval/env_infos/final/reward_dist Mean        1.577
eval/env_infos/final/reward_dist Std         0.844607
eval/env_infos/final/reward_dist Max         2.42161
eval/env_infos/final/reward_dist Min         0.732395
eval/env_infos/initial/reward_dist Mean      0.0361414
eval/env_infos/initial/reward_dist Std       0.0041468
eval/env_infos/initial/reward_dist Max       0.0402882
eval/env_infos/initial/reward_dist Min       0.0319946
eval/env_infos/reward_dist Mean              1.06126
eval/env_infos/reward_dist Std               0.871454
eval/env_infos/reward_dist Max               2.42161
eval/env_infos/reward_dist Min               0.0319946
time/data storing (s)                        0.000341838
time/evaluation sampling (s)                 0.702437
time/exploration sampling (s)                0.139033
time/logging (s)                             0.00173211
time/sac training (s)                        5.01381
time/saving (s)                              0.0230477
time/training (s)                            2.8069e-05
time/epoch (s)                               5.88043
time/total (s)                              45.5091
Epoch                                        3
---------------------------------------  ---------------
2023-02-20 15:18:11.763865 PST | [Fanuc_peg_in_hole_2023_02_20_15_17_19_0000--s-0] Epoch 4 finished
---------------------------------------  ---------------
epoch                                        4
replay_buffer/size                       10500
trainer/num train calls                   5000
trainer/QF1 Loss                             4.16603
trainer/QF2 Loss                             6.20253
trainer/Policy Loss                        -70.5438
trainer/Q1 Predictions Mean                 62.9923
trainer/Q1 Predictions Std                   7.9579
trainer/Q1 Predictions Max                 163.195
trainer/Q1 Predictions Min                  50.6615
trainer/Q2 Predictions Mean                 62.6666
trainer/Q2 Predictions Std                   8.38563
trainer/Q2 Predictions Max                 176.269
trainer/Q2 Predictions Min                  50.2074
trainer/Q Targets Mean                      63.2698
trainer/Q Targets Std                        8.73957
trainer/Q Targets Max                      171.786
trainer/Q Targets Min                       51.093
trainer/Log Pis Mean                        -8.08699
trainer/Log Pis Std                          0.733528
trainer/Log Pis Max                         -0.619442
trainer/Log Pis Min                        -10.7473
trainer/policy/mean Mean                    -0.00976728
trainer/policy/mean Std                      0.0984894
trainer/policy/mean Max                      0.846476
trainer/policy/mean Min                     -0.906792
trainer/policy/normal/std Mean               0.874259
trainer/policy/normal/std Std                0.0214859
trainer/policy/normal/std Max                0.929536
trainer/policy/normal/std Min                0.597933
trainer/policy/normal/log_std Mean          -0.134714
trainer/policy/normal/log_std Std            0.0265935
trainer/policy/normal/log_std Max           -0.0730694
trainer/policy/normal/log_std Min           -0.514276
expl/num steps total                     10500
expl/num paths total                       420
expl/path length Mean                       25
expl/path length Std                         0
expl/path length Max                        25
expl/path length Min                        25
expl/Rewards Mean                            0.642832
expl/Rewards Std                             1.26018
expl/Rewards Max                             4.87678
expl/Rewards Min                             5.91946e-11
expl/Returns Mean                           16.0708
expl/Returns Std                            22.4728
expl/Returns Max                            54.9644
expl/Returns Min                             1.65907
expl/Actions Mean                           -0.0160499
expl/Actions Std                             0.597447
expl/Actions Max                             0.996749
expl/Actions Min                            -0.994174
expl/Num Paths                               4
expl/Average Returns                        16.0708
expl/env_infos/final/reward_dist Mean        1.2469
expl/env_infos/final/reward_dist Std         2.0962
expl/env_infos/final/reward_dist Max         4.87678
expl/env_infos/final/reward_dist Min         5.91946e-11
expl/env_infos/initial/reward_dist Mean      0.0321288
expl/env_infos/initial/reward_dist Std       0.00302284
expl/env_infos/initial/reward_dist Max       0.0369639
expl/env_infos/initial/reward_dist Min       0.028869
expl/env_infos/reward_dist Mean              0.642832
expl/env_infos/reward_dist Std               1.26018
expl/env_infos/reward_dist Max               4.87678
expl/env_infos/reward_dist Min               5.91946e-11
eval/num steps total                      2500
eval/num paths total                       100
eval/path length Mean                       25
eval/path length Std                         0
eval/path length Max                        25
eval/path length Min                        25
eval/Rewards Mean                            0.584056
eval/Rewards Std                             0.21586
eval/Rewards Max                             0.768848
eval/Rewards Min                             0.0320425
eval/Returns Mean                           14.6014
eval/Returns Std                             0.184862
eval/Returns Max                            14.6769
eval/Returns Min                            13.7963
eval/Actions Mean                           -0.0154878
eval/Actions Std                             0.0594642
eval/Actions Max                             0.176479
eval/Actions Min                            -0.230377
eval/Num Paths                              20
eval/Average Returns                        14.6014
eval/env_infos/final/reward_dist Mean        0.759996
eval/env_infos/final/reward_dist Std         0.00207085
eval/env_infos/final/reward_dist Max         0.768848
eval/env_infos/final/reward_dist Min         0.75939
eval/env_infos/initial/reward_dist Mean      0.0395381
eval/env_infos/initial/reward_dist Std       0.00171971
eval/env_infos/initial/reward_dist Max       0.0400117
eval/env_infos/initial/reward_dist Min       0.0320425
eval/env_infos/reward_dist Mean              0.584056
eval/env_infos/reward_dist Std               0.21586
eval/env_infos/reward_dist Max               0.768848
eval/env_infos/reward_dist Min               0.0320425
time/data storing (s)                        0.000351664
time/evaluation sampling (s)                 0.722008
time/exploration sampling (s)                0.131966
time/logging (s)                             0.00165834
time/sac training (s)                        5.03467
time/saving (s)                              0.00185918
time/training (s)                            3.2963e-05
time/epoch (s)                               5.89255
time/total (s)                              51.752
Epoch                                        4
---------------------------------------  ---------------
2023-02-20 15:18:18.067441 PST | [Fanuc_peg_in_hole_2023_02_20_15_17_19_0000--s-0] Epoch 5 finished
---------------------------------------  ---------------
epoch                                        5
replay_buffer/size                       10600
trainer/num train calls                   6000
trainer/QF1 Loss                            10.2902
trainer/QF2 Loss                            10.9602
trainer/Policy Loss                        -74.7909
trainer/Q1 Predictions Mean                 67.7707
trainer/Q1 Predictions Std                  10.2145
trainer/Q1 Predictions Max                 199.021
trainer/Q1 Predictions Min                  55.9982
trainer/Q2 Predictions Mean                 66.6449
trainer/Q2 Predictions Std                  10.0789
trainer/Q2 Predictions Max                 196.568
trainer/Q2 Predictions Min                  55.7239
trainer/Q Targets Mean                      67.48
trainer/Q Targets Std                       10.6893
trainer/Q Targets Max                      195.297
trainer/Q Targets Min                       56.2618
trainer/Log Pis Mean                        -8.02401
trainer/Log Pis Std                          0.973811
trainer/Log Pis Max                          1.83946
trainer/Log Pis Min                        -10.2742
trainer/policy/mean Mean                    -0.0107614
trainer/policy/mean Std                      0.128559
trainer/policy/mean Max                      0.890999
trainer/policy/mean Min                     -0.970415
trainer/policy/normal/std Mean               0.870646
trainer/policy/normal/std Std                0.0288828
trainer/policy/normal/std Max                0.949722
trainer/policy/normal/std Min                0.501178
trainer/policy/normal/log_std Mean          -0.139149
trainer/policy/normal/log_std Std            0.0367567
trainer/policy/normal/log_std Max           -0.0515864
trainer/policy/normal/log_std Min           -0.690794
expl/num steps total                     10600
expl/num paths total                       424
expl/path length Mean                       25
expl/path length Std                         0
expl/path length Max                        25
expl/path length Min                        25
expl/Rewards Mean                            1.82729
expl/Rewards Std                             2.65944
expl/Rewards Max                             8.46088
expl/Rewards Min                             6.32853e-09
expl/Returns Mean                           45.6822
expl/Returns Std                            48.7388
expl/Returns Max                           124.868
expl/Returns Min                             2.18795
expl/Actions Mean                           -0.0363185
expl/Actions Std                             0.589898
expl/Actions Max                             0.990844
expl/Actions Min                            -0.996136
expl/Num Paths                               4
expl/Average Returns                        45.6822
expl/env_infos/final/reward_dist Mean        1.42156
expl/env_infos/final/reward_dist Std         1.42734
expl/env_infos/final/reward_dist Max         3.64968
expl/env_infos/final/reward_dist Min         6.32853e-09
expl/env_infos/initial/reward_dist Mean      0.0302012
expl/env_infos/initial/reward_dist Std       0.00481151
expl/env_infos/initial/reward_dist Max       0.035268
expl/env_infos/initial/reward_dist Min       0.0246591
expl/env_infos/reward_dist Mean              1.82729
expl/env_infos/reward_dist Std               2.65944
expl/env_infos/reward_dist Max               8.46088
expl/env_infos/reward_dist Min               6.32853e-09
eval/num steps total                      3000
eval/num paths total                       120
eval/path length Mean                       25
eval/path length Std                         0
eval/path length Max                        25
eval/path length Min                        25
eval/Rewards Mean                            1.23926
eval/Rewards Std                             1.0134
eval/Rewards Max                             2.47582
eval/Rewards Min                             0.0318891
eval/Returns Mean                           30.9814
eval/Returns Std                             3.55271e-15
eval/Returns Max                            30.9814
eval/Returns Min                            30.9814
eval/Actions Mean                           -0.00687897
eval/Actions Std                             0.19194
eval/Actions Max                             0.637088
eval/Actions Min                            -0.634143
eval/Num Paths                              20
eval/Average Returns                        30.9814
eval/env_infos/final/reward_dist Mean        2.47582
eval/env_infos/final/reward_dist Std         0
eval/env_infos/final/reward_dist Max         2.47582
eval/env_infos/final/reward_dist Min         2.47582
eval/env_infos/initial/reward_dist Mean      0.0318891
eval/env_infos/initial/reward_dist Std       6.93889e-18
eval/env_infos/initial/reward_dist Max       0.0318891
eval/env_infos/initial/reward_dist Min       0.0318891
eval/env_infos/reward_dist Mean              1.23926
eval/env_infos/reward_dist Std               1.0134
eval/env_infos/reward_dist Max               2.47582
eval/env_infos/reward_dist Min               0.0318891
time/data storing (s)                        0.000344012
time/evaluation sampling (s)                 0.816302
time/exploration sampling (s)                0.131489
time/logging (s)                             0.00166184
time/sac training (s)                        4.99255
time/saving (s)                              0.00183851
time/training (s)                            3.18461e-05
time/epoch (s)                               5.94422
time/total (s)                              58.0485
Epoch                                        5
---------------------------------------  ---------------
2023-02-20 15:18:24.242067 PST | [Fanuc_peg_in_hole_2023_02_20_15_17_19_0000--s-0] Epoch 6 finished
---------------------------------------  ---------------
epoch                                        6
replay_buffer/size                       10700
trainer/num train calls                   7000
trainer/QF1 Loss                             9.21613
trainer/QF2 Loss                             5.55805
trainer/Policy Loss                        -78.0624
trainer/Q1 Predictions Mean                 70.9032
trainer/Q1 Predictions Std                  11.9343
trainer/Q1 Predictions Max                 264.635
trainer/Q1 Predictions Min                  59.9386
trainer/Q2 Predictions Mean                 69.852
trainer/Q2 Predictions Std                  11.3525
trainer/Q2 Predictions Max                 256.972
trainer/Q2 Predictions Min                  57.2645
trainer/Q Targets Mean                      69.4485
trainer/Q Targets Std                       11.4154
trainer/Q Targets Max                      244.201
trainer/Q Targets Min                       54.8447
trainer/Log Pis Mean                        -7.97795
trainer/Log Pis Std                          1.17078
trainer/Log Pis Max                          7.63572
trainer/Log Pis Min                        -10.5272
trainer/policy/mean Mean                    -0.00316617
trainer/policy/mean Std                      0.138598
trainer/policy/mean Max                      0.956066
trainer/policy/mean Min                     -0.973727
trainer/policy/normal/std Mean               0.872634
trainer/policy/normal/std Std                0.0393352
trainer/policy/normal/std Max                0.963635
trainer/policy/normal/std Min                0.364218
trainer/policy/normal/log_std Mean          -0.137527
trainer/policy/normal/log_std Std            0.0541382
trainer/policy/normal/log_std Max           -0.0370429
trainer/policy/normal/log_std Min           -1.01
expl/num steps total                     10700
expl/num paths total                       428
expl/path length Mean                       25
expl/path length Std                         0
expl/path length Max                        25
expl/path length Min                        25
expl/Rewards Mean                            0.435256
expl/Rewards Std                             0.560611
expl/Rewards Max                             2.7671
expl/Rewards Min                             6.19395e-07
expl/Returns Mean                           10.8814
expl/Returns Std                             8.30091
expl/Returns Max                            21.0721
expl/Returns Min                             1.57287
expl/Actions Mean                           -0.0147591
expl/Actions Std                             0.590329
expl/Actions Max                             0.979436
expl/Actions Min                            -0.994669
expl/Num Paths                               4
expl/Average Returns                        10.8814
expl/env_infos/final/reward_dist Mean        0.16813
expl/env_infos/final/reward_dist Std         0.25317
expl/env_infos/final/reward_dist Max         0.60527
expl/env_infos/final/reward_dist Min         6.19395e-07
expl/env_infos/initial/reward_dist Mean      0.0318095
expl/env_infos/initial/reward_dist Std       0.00374631
expl/env_infos/initial/reward_dist Max       0.0357803
expl/env_infos/initial/reward_dist Min       0.0258367
expl/env_infos/reward_dist Mean              0.435256
expl/env_infos/reward_dist Std               0.560611
expl/env_infos/reward_dist Max               2.7671
expl/env_infos/reward_dist Min               6.19395e-07
eval/num steps total                      3500
eval/num paths total                       140
eval/path length Mean                       25
eval/path length Std                         0
eval/path length Max                        25
eval/path length Min                        25
eval/Rewards Mean                            0.594715
eval/Rewards Std                             0.193901
eval/Rewards Max                             1.05066
eval/Rewards Min                             0.0323276
eval/Returns Mean                           14.8679
eval/Returns Std                             0.785312
eval/Returns Max                            15.6429
eval/Returns Min                            13.5885
eval/Actions Mean                            0.00704766
eval/Actions Std                             0.136392
eval/Actions Max                             0.332226
eval/Actions Min                            -0.287521
eval/Num Paths                              20
eval/Average Returns                        14.8679
eval/env_infos/final/reward_dist Mean        0.687671
eval/env_infos/final/reward_dist Std         0.0396981
eval/env_infos/final/reward_dist Max         0.725523
eval/env_infos/final/reward_dist Min         0.621723
eval/env_infos/initial/reward_dist Mean      0.0368517
eval/env_infos/initial/reward_dist Std       0.00279283
eval/env_infos/initial/reward_dist Max       0.0411143
eval/env_infos/initial/reward_dist Min       0.0323276
eval/env_infos/reward_dist Mean              0.594715
eval/env_infos/reward_dist Std               0.193901
eval/env_infos/reward_dist Max               1.05066
eval/env_infos/reward_dist Min               0.0323276
time/data storing (s)                        0.000338296
time/evaluation sampling (s)                 0.57015
time/exploration sampling (s)                0.149526
time/logging (s)                             0.00168208
time/sac training (s)                        5.08171
time/saving (s)                              0.00199626
time/training (s)                            2.17611e-05
time/epoch (s)                               5.80542
time/total (s)                              64.2156
Epoch                                        6
---------------------------------------  ---------------
2023-02-20 15:18:30.286724 PST | [Fanuc_peg_in_hole_2023_02_20_15_17_19_0000--s-0] Epoch 7 finished
---------------------------------------  ---------------
epoch                                        7
replay_buffer/size                       10800
trainer/num train calls                   8000
trainer/QF1 Loss                            19.0292
trainer/QF2 Loss                            18.5701
trainer/Policy Loss                        -80.2666
trainer/Q1 Predictions Mean                 71.6881
trainer/Q1 Predictions Std                  19.8024
trainer/Q1 Predictions Max                 327.98
trainer/Q1 Predictions Min                  39.1385
trainer/Q2 Predictions Mean                 71.2656
trainer/Q2 Predictions Std                  19.9719
trainer/Q2 Predictions Max                 328.465
trainer/Q2 Predictions Min                  41.8583
trainer/Q Targets Mean                      71.4827
trainer/Q Targets Std                       21.1372
trainer/Q Targets Max                      346.621
trainer/Q Targets Min                       50.5754
trainer/Log Pis Mean                        -7.60535
trainer/Log Pis Std                          2.25292
trainer/Log Pis Max                         13.3058
trainer/Log Pis Min                        -12.3514
trainer/policy/mean Mean                    -0.0026219
trainer/policy/mean Std                      0.207673
trainer/policy/mean Max                      0.978376
trainer/policy/mean Min                     -0.99176
trainer/policy/normal/std Mean               0.861904
trainer/policy/normal/std Std                0.0596044
trainer/policy/normal/std Max                1.04265
trainer/policy/normal/std Min                0.258015
trainer/policy/normal/log_std Mean          -0.151748
trainer/policy/normal/log_std Std            0.085485
trainer/policy/normal/log_std Max            0.0417685
trainer/policy/normal/log_std Min           -1.35474
expl/num steps total                     10800
expl/num paths total                       432
expl/path length Mean                       25
expl/path length Std                         0
expl/path length Max                        25
expl/path length Min                        25
expl/Rewards Mean                            0.189479
expl/Rewards Std                             0.243139
expl/Rewards Max                             0.821012
expl/Rewards Min                             2.96353e-09
expl/Returns Mean                            4.73698
expl/Returns Std                             5.07452
expl/Returns Max                            13.3759
expl/Returns Min                             0.776746
expl/Actions Mean                           -0.0111779
expl/Actions Std                             0.593421
expl/Actions Max                             0.986915
expl/Actions Min                            -0.990326
expl/Num Paths                               4
expl/Average Returns                         4.73698
expl/env_infos/final/reward_dist Mean        0.126423
expl/env_infos/final/reward_dist Std         0.218368
expl/env_infos/final/reward_dist Max         0.504648
expl/env_infos/final/reward_dist Min         5.55898e-08
expl/env_infos/initial/reward_dist Mean      0.0345695
expl/env_infos/initial/reward_dist Std       0.00524486
expl/env_infos/initial/reward_dist Max       0.0415009
expl/env_infos/initial/reward_dist Min       0.0274702
expl/env_infos/reward_dist Mean              0.189479
expl/env_infos/reward_dist Std               0.243139
expl/env_infos/reward_dist Max               0.821012
expl/env_infos/reward_dist Min               2.96353e-09
eval/num steps total                      4000
eval/num paths total                       160
eval/path length Mean                       25
eval/path length Std                         0
eval/path length Max                        25
eval/path length Min                        25
eval/Rewards Mean                            0.564641
eval/Rewards Std                             0.162482
eval/Rewards Max                             0.749936
eval/Rewards Min                             0.0324472
eval/Returns Mean                           14.116
eval/Returns Std                             0.539592
eval/Returns Max                            16.4195
eval/Returns Min                            13.9025
eval/Actions Mean                            0.0670183
eval/Actions Std                             0.394516
eval/Actions Max                             0.722244
eval/Actions Min                            -0.76483
eval/Num Paths                              20
eval/Average Returns                        14.116
eval/env_infos/final/reward_dist Mean        0.631818
eval/env_infos/final/reward_dist Std         0.0274751
eval/env_infos/final/reward_dist Max         0.749936
eval/env_infos/final/reward_dist Min         0.621615
eval/env_infos/initial/reward_dist Mean      0.0389451
eval/env_infos/initial/reward_dist Std       0.00155169
eval/env_infos/initial/reward_dist Max       0.0398886
eval/env_infos/initial/reward_dist Min       0.0324472
eval/env_infos/reward_dist Mean              0.564641
eval/env_infos/reward_dist Std               0.162482
eval/env_infos/reward_dist Max               0.749936
eval/env_infos/reward_dist Min               0.0324472
time/data storing (s)                        0.000334621
time/evaluation sampling (s)                 0.525982
time/exploration sampling (s)                0.153663
time/logging (s)                             0.00180077
time/sac training (s)                        4.99744
time/saving (s)                              0.00532982
time/training (s)                            3.0998e-05
time/epoch (s)                               5.68459
time/total (s)                              70.2532
Epoch                                        7
---------------------------------------  ---------------
